<?xml version="1.0" encoding="utf-8"?><testsuites name="pytest tests"><testsuite name="pytest" errors="0" failures="1" skipped="0" tests="25" time="7.917" timestamp="2026-05-31T00:15:54.764430+00:00" hostname="agent-env-31cc4ac3-b475-4d44-80ed-8f06545a9ed4"><testcase classname="backend.tests.test_iter4.TestPublicPackages" name="test_list_public_packages" time="0.218" /><testcase classname="backend.tests.test_iter4.TestPublicPackages" name="test_get_single_public_package[haji-khusus]" time="0.118" /><testcase classname="backend.tests.test_iter4.TestPublicPackages" name="test_get_single_public_package[umrah-economy]" time="0.143" /><testcase classname="backend.tests.test_iter4.TestPublicPackages" name="test_get_single_public_package[umrah-plus]" time="0.122" /><testcase classname="backend.tests.test_iter4.TestPublicPackages" name="test_get_single_public_package[umrah-vip]" time="0.159" /><testcase classname="backend.tests.test_iter4.TestPublicPackages" name="test_unknown_public_package_404" time="0.125" /><testcase classname="backend.tests.test_iter4.TestAdminPackages" name="test_admin_list_requires_auth" time="0.120" /><testcase classname="backend.tests.test_iter4.TestAdminPackages" name="test_admin_list_with_auth" time="0.501" /><testcase classname="backend.tests.test_iter4.TestAdminPackages" name="test_admin_get_single" time="0.224" /><testcase classname="backend.tests.test_iter4.TestAdminPackages" name="test_admin_get_unknown_404" time="0.109" /><testcase classname="backend.tests.test_iter4.TestAdminPackages" name="test_full_crud_lifecycle" time="0.831" /><testcase classname="backend.tests.test_iter4.TestPdf" name="test_pdf_returns_pdf[haji-khusus]" time="1.005"><failure message="AssertionError: Internal Server Error&#10;assert 500 == 200&#10; +  where 500 = &lt;Response [500]&gt;.status_code">backend/tests/test_iter4.py:137: in test_pdf_returns_pdf
    assert r.status_code == 200, r.text[:300]
E   AssertionError: Internal Server Error
E   assert 500 == 200
E    +  where 500 = &lt;Response [500]&gt;.status_code</failure></testcase><testcase classname="backend.tests.test_iter4.TestPdf" name="test_pdf_returns_pdf[umrah-economy]" time="0.445" /><testcase classname="backend.tests.test_iter4.TestPdf" name="test_pdf_returns_pdf[umrah-plus]" time="0.467" /><testcase classname="backend.tests.test_iter4.TestPdf" name="test_pdf_returns_pdf[umrah-vip]" time="0.412" /><testcase classname="backend.tests.test_iter4.TestPdf" name="test_umrah_vip_pdf_size" time="0.495" /><testcase classname="backend.tests.test_iter4.TestPdf" name="test_unknown_pdf_404" time="0.115" /><testcase classname="backend.tests.test_iter4.TestNewsletter" name="test_subscribe" time="0.097" /><testcase classname="backend.tests.test_iter4.TestNewsletter" name="test_subscribe_duplicate_idempotent" time="0.112" /><testcase classname="backend.tests.test_iter4.TestNewsletter" name="test_invalid_email_422" time="0.098" /><testcase classname="backend.tests.test_iter4.TestNewsletter" name="test_admin_list_subscribers" time="1.118" /><testcase classname="backend.tests.test_iter4.TestNewsletter" name="test_admin_list_requires_auth" time="0.177" /><testcase classname="backend.tests.test_iter4.TestNewsletter" name="test_admin_export_csv" time="0.127" /><testcase classname="backend.tests.test_iter4.TestNewsletter" name="test_admin_delete_subscriber" time="0.310" /><testcase classname="backend.tests.test_iter4.TestStats" name="test_stats_includes_new_fields" time="0.126" /></testsuite></testsuites>