<?xml version="1.0" encoding="utf-8"?><testsuites name="pytest tests"><testsuite name="pytest" errors="0" failures="0" skipped="0" tests="11" time="3.060" timestamp="2026-05-31T00:26:58.169645+00:00" hostname="agent-env-31cc4ac3-b475-4d44-80ed-8f06545a9ed4"><testcase classname="backend.tests.test_iter5_albums.TestPublicAlbums" name="test_list_returns_seeded_albums_sorted" time="0.276" /><testcase classname="backend.tests.test_iter5_albums.TestPublicAlbums" name="test_public_single_album[umroh-vip-maret-2026]" time="0.105" /><testcase classname="backend.tests.test_iter5_albums.TestPublicAlbums" name="test_public_single_album[umroh-plus-turki-mei-2026]" time="0.105" /><testcase classname="backend.tests.test_iter5_albums.TestPublicAlbums" name="test_public_single_album[haji-khusus-2024]" time="0.102" /><testcase classname="backend.tests.test_iter5_albums.TestPublicAlbums" name="test_public_unknown_slug_404" time="0.155" /><testcase classname="backend.tests.test_iter5_albums.TestAdminAlbums" name="test_admin_list_requires_auth" time="0.115" /><testcase classname="backend.tests.test_iter5_albums.TestAdminAlbums" name="test_admin_list_with_auth" time="0.435" /><testcase classname="backend.tests.test_iter5_albums.TestAdminAlbums" name="test_admin_get_single" time="0.211" /><testcase classname="backend.tests.test_iter5_albums.TestAdminAlbums" name="test_admin_get_unknown_404" time="0.145" /><testcase classname="backend.tests.test_iter5_albums.TestAdminAlbums" name="test_crud_lifecycle_auto_slug_and_cover_default" time="0.903" /><testcase classname="backend.tests.test_iter5_albums.TestAdminAlbums" name="test_slug_uniqueness_suffix" time="0.442" /></testsuite></testsuites>