<?xml version="1.0" encoding="utf-8"?><testsuites name="pytest tests"><testsuite name="pytest" errors="0" failures="0" skipped="0" tests="22" time="4.484" timestamp="2026-05-31T01:01:35.749216+00:00" hostname="agent-env-31cc4ac3-b475-4d44-80ed-8f06545a9ed4"><testcase classname="backend.tests.test_iter7_refactor.TestRegression" name="test_root" time="0.313" /><testcase classname="backend.tests.test_iter7_refactor.TestRegression" name="test_login" time="0.390" /><testcase classname="backend.tests.test_iter7_refactor.TestRegression" name="test_auth_me" time="0.190" /><testcase classname="backend.tests.test_iter7_refactor.TestRegression" name="test_create_inquiry_public" time="0.110" /><testcase classname="backend.tests.test_iter7_refactor.TestRegression" name="test_admin_inquiries_auth_required" time="0.152" /><testcase classname="backend.tests.test_iter7_refactor.TestRegression" name="test_admin_inquiries_with_auth" time="0.121" /><testcase classname="backend.tests.test_iter7_refactor.TestRegression" name="test_blog_public" time="0.138" /><testcase classname="backend.tests.test_iter7_refactor.TestRegression" name="test_packages_public" time="0.106" /><testcase classname="backend.tests.test_iter7_refactor.TestRegression" name="test_package_pdf" time="1.118" /><testcase classname="backend.tests.test_iter7_refactor.TestRegression" name="test_albums_public" time="0.123" /><testcase classname="backend.tests.test_iter7_refactor.TestRegression" name="test_newsletter_subscribe" time="0.145" /><testcase classname="backend.tests.test_iter7_refactor.TestRegression" name="test_admin_stats" time="0.100" /><testcase classname="backend.tests.test_iter7_refactor.TestImageOptimization" name="test_large_jpg_optimized_to_webp" time="0.630" /><testcase classname="backend.tests.test_iter7_refactor.TestImageOptimization" name="test_small_png_still_converts_to_webp" time="0.138" /><testcase classname="backend.tests.test_iter7_refactor.TestImageOptimization" name="test_gif_preserved" time="0.103" /><testcase classname="backend.tests.test_iter7_refactor.TestBulkUpload" name="test_bulk_auth_required" time="0.104" /><testcase classname="backend.tests.test_iter7_refactor.TestBulkUpload" name="test_bulk_valid_mix" time="0.162" /><testcase classname="backend.tests.test_iter7_refactor.TestBulkUpload" name="test_bulk_with_invalid_file" time="0.111" /><testcase classname="backend.tests.test_iter7_refactor.TestBulkUpload" name="test_bulk_over_20_rejected" time="0.112" /><testcase classname="backend.tests.test_iter7_refactor.TestModuleStructure" name="test_server_is_slim" time="0.000" /><testcase classname="backend.tests.test_iter7_refactor.TestModuleStructure" name="test_routers_exist" time="0.000" /><testcase classname="backend.tests.test_iter7_refactor.TestModuleStructure" name="test_core_deps_exists" time="0.000" /></testsuite></testsuites>