<?xml version="1.0" encoding="utf-8"?><testsuites name="pytest tests"><testsuite name="pytest" errors="0" failures="0" skipped="0" tests="10" time="2.295" timestamp="2026-05-31T00:45:10.607876+00:00" hostname="agent-env-31cc4ac3-b475-4d44-80ed-8f06545a9ed4"><testcase classname="backend.tests.test_iter6_upload.TestUpload" name="test_upload_without_auth_returns_401" time="0.314" /><testcase classname="backend.tests.test_iter6_upload.TestUpload" name="test_upload_valid_png" time="0.601" /><testcase classname="backend.tests.test_iter6_upload.TestUpload" name="test_upload_rejects_txt" time="0.096" /><testcase classname="backend.tests.test_iter6_upload.TestUpload" name="test_upload_rejects_oversize" time="0.461" /><testcase classname="backend.tests.test_iter6_upload.TestUpload" name="test_upload_allowed_extensions[.jpg-image/jpeg]" time="0.115" /><testcase classname="backend.tests.test_iter6_upload.TestUpload" name="test_upload_allowed_extensions[.jpeg-image/jpeg]" time="0.112" /><testcase classname="backend.tests.test_iter6_upload.TestUpload" name="test_upload_allowed_extensions[.png-image/png]" time="0.111" /><testcase classname="backend.tests.test_iter6_upload.TestUpload" name="test_upload_allowed_extensions[.webp-image/webp]" time="0.108" /><testcase classname="backend.tests.test_iter6_upload.TestUpload" name="test_upload_allowed_extensions[.gif-image/gif]" time="0.137" /><testcase classname="backend.tests.test_iter6_upload.TestUpload" name="test_upload_allowed_extensions[.avif-image/avif]" time="0.158" /></testsuite></testsuites>