<?xml version="1.0" encoding="utf-8"?><testsuites name="pytest tests"><testsuite name="pytest" errors="0" failures="0" skipped="1" tests="23" time="3.363" timestamp="2026-05-30T23:38:38.079967+00:00" hostname="agent-env-31cc4ac3-b475-4d44-80ed-8f06545a9ed4"><testcase classname="backend.tests.test_auth_admin_blog.TestAuth" name="test_login_valid" time="0.527" /><testcase classname="backend.tests.test_auth_admin_blog.TestAuth" name="test_login_invalid" time="0.270" /><testcase classname="backend.tests.test_auth_admin_blog.TestAuth" name="test_login_unknown_user" time="0.050" /><testcase classname="backend.tests.test_auth_admin_blog.TestAuth" name="test_me_with_token" time="0.331" /><testcase classname="backend.tests.test_auth_admin_blog.TestAuth" name="test_me_without_token" time="0.177" /><testcase classname="backend.tests.test_auth_admin_blog.TestAuth" name="test_me_with_invalid_token" time="0.183" /><testcase classname="backend.tests.test_auth_admin_blog.TestAdminInquiries" name="test_list_unauthed" time="0.112" /><testcase classname="backend.tests.test_auth_admin_blog.TestAdminInquiries" name="test_list_authed" time="0.051" /><testcase classname="backend.tests.test_auth_admin_blog.TestAdminInquiries" name="test_public_create_then_admin_update_delete" time="0.429" /><testcase classname="backend.tests.test_auth_admin_blog.TestAdminInquiries" name="test_patch_unauthed" time="0.122" /><testcase classname="backend.tests.test_auth_admin_blog.TestAdminBlog" name="test_list_unauthed" time="0.102" /><testcase classname="backend.tests.test_auth_admin_blog.TestAdminBlog" name="test_create_post" time="0.048" /><testcase classname="backend.tests.test_auth_admin_blog.TestAdminBlog" name="test_list_all_authed" time="0.049" /><testcase classname="backend.tests.test_auth_admin_blog.TestAdminBlog" name="test_update_post_toggle_draft" time="0.048" /><testcase classname="backend.tests.test_auth_admin_blog.TestAdminBlog" name="test_public_excludes_drafts" time="0.047" /><testcase classname="backend.tests.test_auth_admin_blog.TestAdminBlog" name="test_public_detail_draft_404" time="0.051" /><testcase classname="backend.tests.test_auth_admin_blog.TestAdminBlog" name="test_republish_then_public_visible" time="0.094" /><testcase classname="backend.tests.test_auth_admin_blog.TestAdminBlog" name="test_public_list_includes_seeded" time="0.048" /><testcase classname="backend.tests.test_auth_admin_blog.TestAdminBlog" name="test_delete_post" time="0.097" /><testcase classname="backend.tests.test_auth_admin_blog.TestStats" name="test_stats_unauthed" time="0.102" /><testcase classname="backend.tests.test_auth_admin_blog.TestStats" name="test_stats_authed" time="0.059" /><testcase classname="backend.tests.test_auth_admin_blog.TestSeededPost" name="test_umrah_landing_post_exists" time="0.045"><skipped type="pytest.skip" message="Seed post 'umrah-landing' not present">/app/backend/tests/test_auth_admin_blog.py:244: Seed post 'umrah-landing' not present</skipped></testcase><testcase classname="backend.tests.test_auth_admin_blog.TestPublicInquiryRegression" name="test_create_inquiry_still_works" time="0.096" /></testsuite></testsuites>