<?xml version="1.0" encoding="utf-8"?><testsuites name="pytest tests"><testsuite name="pytest" errors="0" failures="0" skipped="0" tests="7" time="0.856" timestamp="2026-05-30T23:18:57.169042+00:00" hostname="agent-env-31cc4ac3-b475-4d44-80ed-8f06545a9ed4"><testcase classname="backend.tests.test_api" name="test_root" time="0.343" /><testcase classname="backend.tests.test_api" name="test_create_inquiry_success" time="0.056" /><testcase classname="backend.tests.test_api" name="test_create_then_list_inquiries" time="0.102" /><testcase classname="backend.tests.test_api" name="test_invalid_email_returns_422" time="0.054" /><testcase classname="backend.tests.test_api" name="test_missing_required_fields_returns_422" time="0.049" /><testcase classname="backend.tests.test_api" name="test_missing_phone_returns_422" time="0.049" /><testcase classname="backend.tests.test_api" name="test_empty_name_returns_422" time="0.051" /></testsuite></testsuites>